<?xml version="1.0" encoding="UTF-8"?>
<!-- Generated by org.testng.reporters.JUnitReportReporter -->
<testsuite skipped="0" hostname="MQDSNR2-PC" name="banking_Project_Admin.Run_Branch_WebTable" tests="4" failures="0" timestamp="2020-02-04T15:26:31 IST" time="58.027" errors="0">
  <testcase name="Admin_login" time="4.007" classname="banking_Project_Admin.Run_Branch_WebTable"/>
  <testcase name="Update_Branch_Webtable" time="25.576" classname="banking_Project_Admin.Run_Branch_WebTable"/>
  <testcase name="verify_branch_Availability_At_WebTable" time="14.616" classname="banking_Project_Admin.Run_Branch_WebTable"/>
  <testcase name="Click_Deletion_Btn_WebTable" time="13.828" classname="banking_Project_Admin.Run_Branch_WebTable"/>
</testsuite> <!-- banking_Project_Admin.Run_Branch_WebTable -->
