<?xml version="1.0" encoding="UTF-8"?>
<!-- Generated by org.testng.reporters.JUnitReportReporter -->
<testsuite skipped="0" hostname="MQDSNR2-PC" name="banking_Project_Admin.Run_Employee_WebTable" tests="4" failures="0" timestamp="2020-02-04T15:26:31 IST" time="41.410" errors="0">
  <testcase name="Admin_login" time="1.833" classname="banking_Project_Admin.Run_Employee_WebTable"/>
  <testcase name="Update_Employee_Webtable" time="17.821" classname="banking_Project_Admin.Run_Employee_WebTable"/>
  <testcase name="verify_Role_Availability_At_WebTable" time="4.621" classname="banking_Project_Admin.Run_Employee_WebTable"/>
  <testcase name="Click_Deletion_Employee_Btn_WebTable" time="17.135" classname="banking_Project_Admin.Run_Employee_WebTable"/>
</testsuite> <!-- banking_Project_Admin.Run_Employee_WebTable -->
