<?xml version="1.0" encoding="UTF-8"?>
<!-- Generated by org.testng.reporters.JUnitReportReporter -->
<testsuite skipped="0" hostname="MQDSNR2-PC" name="banking_Project_Admin.Run_Role_WebTable" tests="4" failures="0" timestamp="2020-02-04T15:26:31 IST" time="44.002" errors="0">
  <testcase name="Admin_login" time="3.854" classname="banking_Project_Admin.Run_Role_WebTable"/>
  <testcase name="Update_Role_Webtable" time="16.376" classname="banking_Project_Admin.Run_Role_WebTable"/>
  <testcase name="verify_Role_Availability_At_WebTable" time="10.231" classname="banking_Project_Admin.Run_Role_WebTable"/>
  <testcase name="Click_Deletion_Btn_WebTable" time="13.541" classname="banking_Project_Admin.Run_Role_WebTable"/>
</testsuite> <!-- banking_Project_Admin.Run_Role_WebTable -->
